<?xml version="1.0" encoding="UTF-8" ?>
<testsuite errors="0" failures="0" hostname="sean" name="seanpoker.HandTest" skipped="0" tests="4" time="0.043" timestamp="2021-08-25T09:18:32">
  <properties>
[...]
</properties>
  <testcase classname="seanpoker.HandTest" name="testGetCards" time="0.001" />
  <testcase classname="seanpoker.HandTest" name="testSetWeight" time="0.0" />
  <testcase classname="seanpoker.HandTest" name="testGetWeight" time="0.0" />
  <testcase classname="seanpoker.HandTest" name="testSetCards" time="0.0" />
  <system-out><![CDATA[getCards
setWeight
getWeight
setCards
]]></system-out>
  <system-err><![CDATA[]]></system-err>
</testsuite>
